<?xml version="1.0" encoding="UTF-8"?>
<testsuite xmlns:xsi="http://www.w3.org/2001/XMLSchema-instance" xsi:noNamespaceSchemaLocation="https://maven.apache.org/surefire/maven-surefire-plugin/xsd/surefire-test-report-3.0.xsd" version="3.0" name="academy.jairo.GreetingResourceTest" time="6.494" tests="1" errors="0" skipped="0" failures="0">
  <properties>
[...]
</properties>
  <testcase name="testHelloEndpoint" classname="academy.jairo.GreetingResourceTest" time="1.788">
    <system-out><![CDATA[2023-03-03 11:09:58,442 WARN  [io.qua.hib.orm.dep.HibernateOrmProcessor] (build-28) Hibernate ORM is disabled because no JPA entities were found
2023-03-03 11:09:58,860 INFO  [io.qua.dev.h2.dep.H2DevServicesProcessor] (build-2) Dev Services for H2 started.
2023-03-03 11:09:58,868 INFO  [io.qua.dat.dep.dev.DevServicesDatasourceProcessor] (build-2) Dev Services for the default datasource (h2) started
2023-03-03 11:09:58,872 INFO  [io.qua.hib.orm.dep.HibernateOrmProcessor] (build-38) Setting quarkus.hibernate-orm.database.generation=drop-and-create to initialize Dev Services managed database
2023-03-03 11:10:00,852 INFO  [io.quarkus] (main) quarkus-cdev-ms1 1.0.0-SNAPSHOT on JVM (powered by Quarkus 2.16.3.Final) started in 3.783s. Listening on: http://localhost:8081
2023-03-03 11:10:00,853 INFO  [io.quarkus] (main) Profile test activated. 
2023-03-03 11:10:00,853 INFO  [io.quarkus] (main) Installed features: [agroal, cdi, hibernate-orm, hibernate-orm-panache, hibernate-orm-rest-data-panache, jdbc-h2, narayana-jta, resteasy, resteasy-jsonb, smallrye-context-propagation, vertx]
]]></system-out>
  </testcase>
</testsuite>